mode: set
github.com/VladislavYak/redditclone/cmd/redditclone/main.go:27.13,75.2 25 0
github.com/VladislavYak/redditclone/cmd/redditclone/main.go:75.2,77.51 1 0
github.com/VladislavYak/redditclone/cmd/redditclone/main.go:77.51,79.5 1 0
github.com/VladislavYak/redditclone/cmd/redditclone/main.go:83.3,101.48 9 0
github.com/VladislavYak/redditclone/cmd/redditclone/main.go:104.2,104.34 1 0
github.com/VladislavYak/redditclone/mocks/comment_repository_mock.go:32.79,36.2 3 0
github.com/VladislavYak/redditclone/mocks/comment_repository_mock.go:39.77,41.2 1 0
github.com/VladislavYak/redditclone/mocks/comment_repository_mock.go:44.86,49.2 4 0
github.com/VladislavYak/redditclone/mocks/comment_repository_mock.go:52.86,55.2 2 0
github.com/VladislavYak/redditclone/mocks/comment_repository_mock.go:58.72,63.2 4 0
github.com/VladislavYak/redditclone/mocks/comment_repository_mock.go:66.89,69.2 2 0
github.com/VladislavYak/redditclone/mocks/post_repository_mock.go:33.73,37.2 3 0
github.com/VladislavYak/redditclone/mocks/post_repository_mock.go:40.71,42.2 1 0
github.com/VladislavYak/redditclone/mocks/post_repository_mock.go:45.96,51.2 5 0
github.com/VladislavYak/redditclone/mocks/post_repository_mock.go:54.79,57.2 2 0
github.com/VladislavYak/redditclone/mocks/post_repository_mock.go:60.93,66.2 5 0
github.com/VladislavYak/redditclone/mocks/post_repository_mock.go:69.80,72.2 2 0
github.com/VladislavYak/redditclone/mocks/post_repository_mock.go:75.91,81.2 5 0
github.com/VladislavYak/redditclone/mocks/post_repository_mock.go:84.78,87.2 2 0
github.com/VladislavYak/redditclone/mocks/post_repository_mock.go:90.85,96.2 5 0
github.com/VladislavYak/redditclone/mocks/post_repository_mock.go:99.77,102.2 2 0
github.com/VladislavYak/redditclone/mocks/post_repository_mock.go:105.94,111.2 5 0
github.com/VladislavYak/redditclone/mocks/post_repository_mock.go:114.81,117.2 2 0
github.com/VladislavYak/redditclone/mocks/post_repository_mock.go:120.117,126.2 5 0
github.com/VladislavYak/redditclone/mocks/post_repository_mock.go:129.102,132.2 2 0
github.com/VladislavYak/redditclone/mocks/post_repository_mock.go:135.109,141.2 5 0
github.com/VladislavYak/redditclone/mocks/post_repository_mock.go:144.94,147.2 2 0
github.com/VladislavYak/redditclone/mocks/post_repository_mock.go:150.89,156.2 5 0
github.com/VladislavYak/redditclone/mocks/post_repository_mock.go:159.76,162.2 2 0
github.com/VladislavYak/redditclone/mocks/post_repository_mock.go:165.93,171.2 5 0
github.com/VladislavYak/redditclone/mocks/post_repository_mock.go:174.80,177.2 2 0
github.com/VladislavYak/redditclone/mocks/post_repository_mock.go:180.93,186.2 5 0
github.com/VladislavYak/redditclone/mocks/post_repository_mock.go:189.80,192.2 2 0
github.com/VladislavYak/redditclone/mocks/user_repository_mock.go:34.73,38.2 3 0
github.com/VladislavYak/redditclone/mocks/user_repository_mock.go:41.71,43.2 1 0
github.com/VladislavYak/redditclone/mocks/user_repository_mock.go:46.117,51.2 4 0
github.com/VladislavYak/redditclone/mocks/user_repository_mock.go:54.108,57.2 2 0
github.com/VladislavYak/redditclone/mocks/user_repository_mock.go:60.112,66.2 5 0
github.com/VladislavYak/redditclone/mocks/user_repository_mock.go:69.88,72.2 2 0
github.com/VladislavYak/redditclone/mocks/user_repository_mock.go:75.96,81.2 5 0
github.com/VladislavYak/redditclone/mocks/user_repository_mock.go:84.79,87.2 2 0
github.com/VladislavYak/redditclone/mocks/user_repository_mock.go:90.100,96.2 5 0
github.com/VladislavYak/redditclone/mocks/user_repository_mock.go:99.87,102.2 2 0
github.com/VladislavYak/redditclone/mocks/user_repository_mock.go:105.104,110.2 4 0
github.com/VladislavYak/redditclone/mocks/user_repository_mock.go:113.95,116.2 2 0
github.com/VladislavYak/redditclone/pkg/handlers/middleware/authorization.go:16.100,18.54 1 0
github.com/VladislavYak/redditclone/pkg/handlers/middleware/authorization.go:18.54,19.37 1 0
github.com/VladislavYak/redditclone/pkg/handlers/middleware/authorization.go:19.37,21.29 1 0
github.com/VladislavYak/redditclone/pkg/handlers/middleware/authorization.go:21.29,23.5 1 0
github.com/VladislavYak/redditclone/pkg/handlers/middleware/authorization.go:24.4,24.31 1 0
github.com/VladislavYak/redditclone/pkg/handlers/middleware/authorization.go:24.31,26.5 1 0
github.com/VladislavYak/redditclone/pkg/handlers/middleware/authorization.go:27.4,27.69 1 0
github.com/VladislavYak/redditclone/pkg/handlers/middleware/authorization.go:27.69,29.5 1 0
github.com/VladislavYak/redditclone/pkg/handlers/middleware/authorization.go:30.4,30.34 1 0
github.com/VladislavYak/redditclone/pkg/handlers/middleware/authorization.go:30.34,32.5 1 0
github.com/VladislavYak/redditclone/pkg/handlers/middleware/authorization.go:34.4,34.35 1 0
github.com/VladislavYak/redditclone/pkg/handlers/middleware/authorization.go:34.35,35.60 1 0
github.com/VladislavYak/redditclone/pkg/handlers/middleware/authorization.go:35.60,37.6 1 0
github.com/VladislavYak/redditclone/pkg/handlers/middleware/authorization.go:39.4,39.121 1 0
github.com/VladislavYak/redditclone/pkg/handlers/middleware/authorization.go:39.121,41.5 1 0
github.com/VladislavYak/redditclone/pkg/handlers/middleware/authorization.go:53.4,61.20 5 0
github.com/VladislavYak/redditclone/pkg/handlers/middleware/authorization.go:61.20,64.5 2 0
github.com/VladislavYak/redditclone/pkg/handlers/middleware/authorization.go:68.4,70.41 2 0
github.com/VladislavYak/redditclone/pkg/handlers/middleware/authorization.go:70.41,74.23 4 0
github.com/VladislavYak/redditclone/pkg/handlers/middleware/authorization.go:74.23,76.14 1 0
github.com/VladislavYak/redditclone/pkg/handlers/middleware/authorization.go:78.5,78.39 1 0
github.com/VladislavYak/redditclone/pkg/handlers/middleware/authorization.go:78.39,81.70 2 0
github.com/VladislavYak/redditclone/pkg/handlers/middleware/authorization.go:81.70,87.7 1 0
github.com/VladislavYak/redditclone/pkg/handlers/middleware/authorization.go:91.6,96.36 5 0
github.com/VladislavYak/redditclone/pkg/handlers/middleware/authorization.go:96.36,98.7 1 0
github.com/VladislavYak/redditclone/pkg/handlers/middleware/authorization.go:100.6,102.20 3 0
github.com/VladislavYak/redditclone/pkg/handlers/middleware/authorization.go:102.20,105.7 1 0
github.com/VladislavYak/redditclone/pkg/handlers/middleware/authorization.go:108.6,109.38 2 0
github.com/VladislavYak/redditclone/pkg/handlers/middleware/authorization.go:109.38,111.7 1 0
github.com/VladislavYak/redditclone/pkg/handlers/middleware/authorization.go:112.6,112.20 1 0
github.com/VladislavYak/redditclone/pkg/handlers/middleware/authorization.go:116.4,116.14 1 0
github.com/VladislavYak/redditclone/pkg/domain/post/post.go:30.111,44.2 1 0
github.com/VladislavYak/redditclone/pkg/domain/post/post.go:46.40,49.2 2 0
github.com/VladislavYak/redditclone/pkg/domain/post/post.go:52.36,54.31 2 0
github.com/VladislavYak/redditclone/pkg/domain/post/post.go:54.31,56.3 1 0
github.com/VladislavYak/redditclone/pkg/domain/post/post.go:58.2,59.10 2 0
github.com/VladislavYak/redditclone/pkg/domain/post/post.go:82.42,86.2 2 0
github.com/VladislavYak/redditclone/pkg/domain/user/user.go:14.37,16.2 1 0
github.com/VladislavYak/redditclone/pkg/domain/user/user.go:19.40,22.2 2 0
github.com/VladislavYak/redditclone/pkg/domain/comment/comment.go:16.57,18.2 1 0
github.com/VladislavYak/redditclone/pkg/domain/comment/comment.go:20.46,23.2 2 0
github.com/VladislavYak/redditclone/pkg/infrastructure/postgres/pool.go:10.41,14.16 3 0
github.com/VladislavYak/redditclone/pkg/infrastructure/postgres/pool.go:14.16,16.3 1 0
github.com/VladislavYak/redditclone/pkg/infrastructure/postgres/pool.go:18.2,18.56 1 0
github.com/VladislavYak/redditclone/pkg/infrastructure/postgres/pool.go:18.56,22.3 3 0
github.com/VladislavYak/redditclone/pkg/infrastructure/postgres/pool.go:23.2,25.18 2 0
github.com/VladislavYak/redditclone/pkg/infrastructure/postgres/user.go:21.64,23.2 1 0
github.com/VladislavYak/redditclone/pkg/infrastructure/postgres/user.go:25.94,31.26 4 0
github.com/VladislavYak/redditclone/pkg/infrastructure/postgres/user.go:31.26,33.3 1 0
github.com/VladislavYak/redditclone/pkg/infrastructure/postgres/user.go:34.2,34.16 1 0
github.com/VladislavYak/redditclone/pkg/infrastructure/postgres/user.go:34.16,36.3 1 0
github.com/VladislavYak/redditclone/pkg/infrastructure/postgres/user.go:37.2,37.16 1 0
github.com/VladislavYak/redditclone/pkg/infrastructure/postgres/user.go:40.110,50.16 4 0
github.com/VladislavYak/redditclone/pkg/infrastructure/postgres/user.go:50.16,52.3 1 0
github.com/VladislavYak/redditclone/pkg/infrastructure/postgres/user.go:53.2,53.18 1 0
github.com/VladislavYak/redditclone/pkg/infrastructure/postgres/user.go:56.98,61.26 4 0
github.com/VladislavYak/redditclone/pkg/infrastructure/postgres/user.go:61.26,63.3 1 0
github.com/VladislavYak/redditclone/pkg/infrastructure/postgres/user.go:64.2,64.16 1 0
github.com/VladislavYak/redditclone/pkg/infrastructure/postgres/user.go:64.16,66.3 1 0
github.com/VladislavYak/redditclone/pkg/infrastructure/postgres/user.go:67.2,67.22 1 0
github.com/VladislavYak/redditclone/pkg/infrastructure/postgres/user.go:70.132,82.16 6 0
github.com/VladislavYak/redditclone/pkg/infrastructure/postgres/user.go:82.16,84.3 1 0
github.com/VladislavYak/redditclone/pkg/infrastructure/postgres/user.go:86.2,86.12 1 0
github.com/VladislavYak/redditclone/pkg/infrastructure/postgres/user.go:93.102,99.26 5 0
github.com/VladislavYak/redditclone/pkg/infrastructure/postgres/user.go:99.26,101.3 1 0
github.com/VladislavYak/redditclone/pkg/infrastructure/postgres/user.go:103.2,103.16 1 0
github.com/VladislavYak/redditclone/pkg/infrastructure/postgres/user.go:103.16,105.3 1 0
github.com/VladislavYak/redditclone/pkg/infrastructure/postgres/user.go:107.2,109.34 2 0
github.com/VladislavYak/redditclone/pkg/infrastructure/postgres/user.go:109.34,111.3 1 0
github.com/VladislavYak/redditclone/pkg/infrastructure/postgres/user.go:112.2,112.12 1 0
github.com/VladislavYak/redditclone/pkg/infrastructure/ram/comment.go:21.36,23.2 1 0
github.com/VladislavYak/redditclone/pkg/infrastructure/ram/comment.go:25.78,30.31 3 0
github.com/VladislavYak/redditclone/pkg/infrastructure/ram/comment.go:30.31,31.20 1 0
github.com/VladislavYak/redditclone/pkg/infrastructure/ram/comment.go:31.20,36.4 3 0
github.com/VladislavYak/redditclone/pkg/infrastructure/ram/comment.go:39.2,39.37 1 0
github.com/VladislavYak/redditclone/pkg/infrastructure/ram/comment.go:42.73,46.31 3 0
github.com/VladislavYak/redditclone/pkg/infrastructure/ram/comment.go:46.31,47.20 1 0
github.com/VladislavYak/redditclone/pkg/infrastructure/ram/comment.go:47.20,49.42 1 0
github.com/VladislavYak/redditclone/pkg/infrastructure/ram/comment.go:49.42,50.32 1 0
github.com/VladislavYak/redditclone/pkg/infrastructure/ram/comment.go:50.32,54.6 3 0
github.com/VladislavYak/redditclone/pkg/infrastructure/ram/comment.go:61.2,61.44 1 0
github.com/VladislavYak/redditclone/pkg/infrastructure/ram/post.go:22.30,29.2 1 0
github.com/VladislavYak/redditclone/pkg/infrastructure/ram/post.go:31.76,33.2 1 0
github.com/VladislavYak/redditclone/pkg/infrastructure/ram/post.go:35.108,38.31 2 0
github.com/VladislavYak/redditclone/pkg/infrastructure/ram/post.go:38.31,39.36 1 0
github.com/VladislavYak/redditclone/pkg/infrastructure/ram/post.go:39.36,41.4 1 0
github.com/VladislavYak/redditclone/pkg/infrastructure/ram/post.go:43.2,43.17 1 0
github.com/VladislavYak/redditclone/pkg/infrastructure/ram/post.go:47.85,48.31 1 0
github.com/VladislavYak/redditclone/pkg/infrastructure/ram/post.go:48.31,49.20 1 0
github.com/VladislavYak/redditclone/pkg/infrastructure/ram/post.go:49.20,51.4 1 0
github.com/VladislavYak/redditclone/pkg/infrastructure/ram/post.go:53.2,53.37 1 0
github.com/VladislavYak/redditclone/pkg/infrastructure/ram/post.go:56.100,59.31 2 0
github.com/VladislavYak/redditclone/pkg/infrastructure/ram/post.go:59.31,60.39 1 0
github.com/VladislavYak/redditclone/pkg/infrastructure/ram/post.go:60.39,62.4 1 0
github.com/VladislavYak/redditclone/pkg/infrastructure/ram/post.go:64.2,64.17 1 0
github.com/VladislavYak/redditclone/pkg/infrastructure/ram/post.go:68.75,69.31 1 0
github.com/VladislavYak/redditclone/pkg/infrastructure/ram/post.go:69.31,70.20 1 0
github.com/VladislavYak/redditclone/pkg/infrastructure/ram/post.go:70.20,73.4 2 0
github.com/VladislavYak/redditclone/pkg/infrastructure/ram/post.go:75.2,75.32 1 0
github.com/VladislavYak/redditclone/pkg/infrastructure/ram/post.go:78.87,91.2 7 0
github.com/VladislavYak/redditclone/pkg/infrastructure/ram/post.go:93.84,94.32 1 0
github.com/VladislavYak/redditclone/pkg/infrastructure/ram/post.go:94.32,95.21 1 0
github.com/VladislavYak/redditclone/pkg/infrastructure/ram/post.go:95.21,97.4 1 0
github.com/VladislavYak/redditclone/pkg/infrastructure/ram/post.go:98.3,98.20 1 0
github.com/VladislavYak/redditclone/pkg/infrastructure/ram/post.go:101.2,101.49 1 0
github.com/VladislavYak/redditclone/pkg/infrastructure/ram/post.go:106.84,111.9 4 0
github.com/VladislavYak/redditclone/pkg/infrastructure/ram/post.go:111.9,113.3 1 0
github.com/VladislavYak/redditclone/pkg/infrastructure/ram/post.go:115.2,115.31 1 0
github.com/VladislavYak/redditclone/pkg/infrastructure/ram/post.go:115.31,116.24 1 0
github.com/VladislavYak/redditclone/pkg/infrastructure/ram/post.go:116.24,117.40 1 0
github.com/VladislavYak/redditclone/pkg/infrastructure/ram/post.go:117.40,118.32 1 0
github.com/VladislavYak/redditclone/pkg/infrastructure/ram/post.go:118.32,123.6 3 0
github.com/VladislavYak/redditclone/pkg/infrastructure/ram/post.go:126.4,131.26 3 0
github.com/VladislavYak/redditclone/pkg/infrastructure/ram/post.go:135.2,135.53 1 0
github.com/VladislavYak/redditclone/pkg/infrastructure/ram/post.go:138.82,143.9 4 0
github.com/VladislavYak/redditclone/pkg/infrastructure/ram/post.go:143.9,145.3 1 0
github.com/VladislavYak/redditclone/pkg/infrastructure/ram/post.go:147.2,147.31 1 0
github.com/VladislavYak/redditclone/pkg/infrastructure/ram/post.go:147.31,148.20 1 0
github.com/VladislavYak/redditclone/pkg/infrastructure/ram/post.go:148.20,149.40 1 0
github.com/VladislavYak/redditclone/pkg/infrastructure/ram/post.go:149.40,150.32 1 0
github.com/VladislavYak/redditclone/pkg/infrastructure/ram/post.go:150.32,155.6 3 0
github.com/VladislavYak/redditclone/pkg/infrastructure/ram/post.go:158.4,163.26 3 0
github.com/VladislavYak/redditclone/pkg/infrastructure/ram/post.go:167.2,167.49 1 0
github.com/VladislavYak/redditclone/pkg/infrastructure/ram/post.go:170.80,175.9 4 0
github.com/VladislavYak/redditclone/pkg/infrastructure/ram/post.go:175.9,177.3 1 0
github.com/VladislavYak/redditclone/pkg/infrastructure/ram/post.go:179.2,179.31 1 0
github.com/VladislavYak/redditclone/pkg/infrastructure/ram/post.go:179.31,180.20 1 0
github.com/VladislavYak/redditclone/pkg/infrastructure/ram/post.go:180.20,181.40 1 0
github.com/VladislavYak/redditclone/pkg/infrastructure/ram/post.go:181.40,182.32 1 0
github.com/VladislavYak/redditclone/pkg/infrastructure/ram/post.go:182.32,187.6 3 0
github.com/VladislavYak/redditclone/pkg/infrastructure/ram/post.go:190.4,190.65 1 0
github.com/VladislavYak/redditclone/pkg/infrastructure/ram/post.go:194.2,194.49 1 0
github.com/VladislavYak/redditclone/pkg/infrastructure/ram/post.go:197.85,199.2 1 0
github.com/VladislavYak/redditclone/pkg/infrastructure/ram/user.go:22.30,28.2 1 0
github.com/VladislavYak/redditclone/pkg/infrastructure/ram/user.go:30.103,35.27 4 0
github.com/VladislavYak/redditclone/pkg/infrastructure/ram/user.go:35.27,37.3 1 0
github.com/VladislavYak/redditclone/pkg/infrastructure/ram/user.go:39.2,48.18 6 0
github.com/VladislavYak/redditclone/pkg/infrastructure/ram/user.go:52.56,56.37 3 0
github.com/VladislavYak/redditclone/pkg/infrastructure/ram/user.go:56.37,57.41 1 0
github.com/VladislavYak/redditclone/pkg/infrastructure/ram/user.go:57.41,59.4 1 0
github.com/VladislavYak/redditclone/pkg/infrastructure/ram/user.go:61.2,61.14 1 0
github.com/VladislavYak/redditclone/pkg/infrastructure/ram/user.go:64.87,68.37 4 0
github.com/VladislavYak/redditclone/pkg/infrastructure/ram/user.go:68.37,71.41 3 0
github.com/VladislavYak/redditclone/pkg/infrastructure/ram/user.go:71.41,73.4 1 0
github.com/VladislavYak/redditclone/pkg/infrastructure/ram/user.go:76.2,78.42 2 0
github.com/VladislavYak/redditclone/pkg/infrastructure/ram/user.go:81.91,83.2 1 0
github.com/VladislavYak/redditclone/pkg/infrastructure/ram/user.go:85.88,87.2 1 0
github.com/VladislavYak/redditclone/pkg/infrastructure/ram/user.go:89.94,91.2 1 0
github.com/VladislavYak/redditclone/pkg/infrastructure/auth/jwt.go:13.79,20.2 3 0
github.com/VladislavYak/redditclone/pkg/infrastructure/mongodb/client.go:19.56,24.16 4 0
github.com/VladislavYak/redditclone/pkg/infrastructure/mongodb/client.go:24.16,26.3 1 0
github.com/VladislavYak/redditclone/pkg/infrastructure/mongodb/client.go:29.2,30.16 2 0
github.com/VladislavYak/redditclone/pkg/infrastructure/mongodb/client.go:30.16,32.3 1 0
github.com/VladislavYak/redditclone/pkg/infrastructure/mongodb/client.go:34.2,34.20 1 0
github.com/VladislavYak/redditclone/pkg/infrastructure/mongodb/comment.go:19.104,26.2 2 0
github.com/VladislavYak/redditclone/pkg/infrastructure/mongodb/comment.go:28.83,35.16 5 0
github.com/VladislavYak/redditclone/pkg/infrastructure/mongodb/comment.go:35.16,37.3 1 0
github.com/VladislavYak/redditclone/pkg/infrastructure/mongodb/comment.go:39.2,50.16 3 0
github.com/VladislavYak/redditclone/pkg/infrastructure/mongodb/comment.go:50.16,52.3 1 0
github.com/VladislavYak/redditclone/pkg/infrastructure/mongodb/comment.go:54.2,54.30 1 0
github.com/VladislavYak/redditclone/pkg/infrastructure/mongodb/comment.go:54.30,56.3 1 0
github.com/VladislavYak/redditclone/pkg/infrastructure/mongodb/comment.go:58.2,58.12 1 0
github.com/VladislavYak/redditclone/pkg/infrastructure/mongodb/comment.go:62.78,65.16 2 0
github.com/VladislavYak/redditclone/pkg/infrastructure/mongodb/comment.go:65.16,67.3 1 0
github.com/VladislavYak/redditclone/pkg/infrastructure/mongodb/comment.go:70.2,84.16 3 0
github.com/VladislavYak/redditclone/pkg/infrastructure/mongodb/comment.go:84.16,86.3 1 0
github.com/VladislavYak/redditclone/pkg/infrastructure/mongodb/comment.go:87.2,87.30 1 0
github.com/VladislavYak/redditclone/pkg/infrastructure/mongodb/comment.go:87.30,89.3 1 0
github.com/VladislavYak/redditclone/pkg/infrastructure/mongodb/comment.go:90.2,90.31 1 0
github.com/VladislavYak/redditclone/pkg/infrastructure/mongodb/comment.go:90.31,92.3 1 0
github.com/VladislavYak/redditclone/pkg/infrastructure/mongodb/comment.go:94.2,94.12 1 0
github.com/VladislavYak/redditclone/pkg/infrastructure/mongodb/post.go:24.91,32.2 2 0
github.com/VladislavYak/redditclone/pkg/infrastructure/mongodb/post.go:50.40,66.2 1 0
github.com/VladislavYak/redditclone/pkg/infrastructure/mongodb/post.go:68.81,73.16 4 0
github.com/VladislavYak/redditclone/pkg/infrastructure/mongodb/post.go:73.16,75.3 1 0
github.com/VladislavYak/redditclone/pkg/infrastructure/mongodb/post.go:77.2,79.61 2 0
github.com/VladislavYak/redditclone/pkg/infrastructure/mongodb/post.go:79.61,81.3 1 0
github.com/VladislavYak/redditclone/pkg/infrastructure/mongodb/post.go:83.2,84.36 2 0
github.com/VladislavYak/redditclone/pkg/infrastructure/mongodb/post.go:84.36,88.3 1 0
github.com/VladislavYak/redditclone/pkg/infrastructure/mongodb/post.go:90.2,90.19 1 0
github.com/VladislavYak/redditclone/pkg/infrastructure/mongodb/post.go:93.113,97.16 3 0
github.com/VladislavYak/redditclone/pkg/infrastructure/mongodb/post.go:97.16,99.3 1 0
github.com/VladislavYak/redditclone/pkg/infrastructure/mongodb/post.go:101.2,102.61 2 0
github.com/VladislavYak/redditclone/pkg/infrastructure/mongodb/post.go:102.61,104.3 1 0
github.com/VladislavYak/redditclone/pkg/infrastructure/mongodb/post.go:106.2,107.36 2 0
github.com/VladislavYak/redditclone/pkg/infrastructure/mongodb/post.go:107.36,111.3 1 0
github.com/VladislavYak/redditclone/pkg/infrastructure/mongodb/post.go:112.2,112.19 1 0
github.com/VladislavYak/redditclone/pkg/infrastructure/mongodb/post.go:115.90,125.16 7 0
github.com/VladislavYak/redditclone/pkg/infrastructure/mongodb/post.go:125.16,127.3 1 0
github.com/VladislavYak/redditclone/pkg/infrastructure/mongodb/post.go:129.2,135.18 4 0
github.com/VladislavYak/redditclone/pkg/infrastructure/mongodb/post.go:138.105,141.16 2 0
github.com/VladislavYak/redditclone/pkg/infrastructure/mongodb/post.go:141.16,142.13 1 0
github.com/VladislavYak/redditclone/pkg/infrastructure/mongodb/post.go:145.2,146.61 2 0
github.com/VladislavYak/redditclone/pkg/infrastructure/mongodb/post.go:146.61,147.13 1 0
github.com/VladislavYak/redditclone/pkg/infrastructure/mongodb/post.go:150.2,151.36 2 0
github.com/VladislavYak/redditclone/pkg/infrastructure/mongodb/post.go:151.36,155.3 1 0
github.com/VladislavYak/redditclone/pkg/infrastructure/mongodb/post.go:157.2,157.19 1 0
github.com/VladislavYak/redditclone/pkg/infrastructure/mongodb/post.go:160.59,171.16 6 0
github.com/VladislavYak/redditclone/pkg/infrastructure/mongodb/post.go:171.16,172.13 1 0
github.com/VladislavYak/redditclone/pkg/infrastructure/mongodb/post.go:173.8,177.3 3 0
github.com/VladislavYak/redditclone/pkg/infrastructure/mongodb/post.go:180.2,180.32 1 0
github.com/VladislavYak/redditclone/pkg/infrastructure/mongodb/post.go:183.92,204.16 4 0
github.com/VladislavYak/redditclone/pkg/infrastructure/mongodb/post.go:204.16,206.3 1 0
github.com/VladislavYak/redditclone/pkg/infrastructure/mongodb/post.go:208.2,210.56 2 0
github.com/VladislavYak/redditclone/pkg/infrastructure/mongodb/post.go:210.56,214.3 2 0
github.com/VladislavYak/redditclone/pkg/infrastructure/mongodb/post.go:214.8,216.3 1 0
github.com/VladislavYak/redditclone/pkg/infrastructure/mongodb/post.go:218.2,222.26 3 0
github.com/VladislavYak/redditclone/pkg/infrastructure/mongodb/post.go:225.89,229.16 3 0
github.com/VladislavYak/redditclone/pkg/infrastructure/mongodb/post.go:229.16,231.3 1 0
github.com/VladislavYak/redditclone/pkg/infrastructure/mongodb/post.go:233.2,234.16 2 0
github.com/VladislavYak/redditclone/pkg/infrastructure/mongodb/post.go:234.16,236.3 1 0
github.com/VladislavYak/redditclone/pkg/infrastructure/mongodb/post.go:239.2,239.17 1 0
github.com/VladislavYak/redditclone/pkg/infrastructure/mongodb/post.go:245.89,248.9 3 0
github.com/VladislavYak/redditclone/pkg/infrastructure/mongodb/post.go:248.9,250.3 1 0
github.com/VladislavYak/redditclone/pkg/infrastructure/mongodb/post.go:252.2,253.16 2 0
github.com/VladislavYak/redditclone/pkg/infrastructure/mongodb/post.go:253.16,255.3 1 0
github.com/VladislavYak/redditclone/pkg/infrastructure/mongodb/post.go:256.2,309.33 7 0
github.com/VladislavYak/redditclone/pkg/infrastructure/mongodb/post.go:309.33,311.3 1 0
github.com/VladislavYak/redditclone/pkg/infrastructure/mongodb/post.go:312.2,312.16 1 0
github.com/VladislavYak/redditclone/pkg/infrastructure/mongodb/post.go:312.16,314.3 1 0
github.com/VladislavYak/redditclone/pkg/infrastructure/mongodb/post.go:316.2,316.26 1 0
github.com/VladislavYak/redditclone/pkg/infrastructure/mongodb/post.go:320.91,323.9 3 0
github.com/VladislavYak/redditclone/pkg/infrastructure/mongodb/post.go:323.9,325.3 1 0
github.com/VladislavYak/redditclone/pkg/infrastructure/mongodb/post.go:328.2,329.16 2 0
github.com/VladislavYak/redditclone/pkg/infrastructure/mongodb/post.go:329.16,331.3 1 0
github.com/VladislavYak/redditclone/pkg/infrastructure/mongodb/post.go:332.2,383.33 6 0
github.com/VladislavYak/redditclone/pkg/infrastructure/mongodb/post.go:383.33,385.3 1 0
github.com/VladislavYak/redditclone/pkg/infrastructure/mongodb/post.go:386.2,386.16 1 0
github.com/VladislavYak/redditclone/pkg/infrastructure/mongodb/post.go:386.16,388.3 1 0
github.com/VladislavYak/redditclone/pkg/infrastructure/mongodb/post.go:390.2,392.26 2 0
github.com/VladislavYak/redditclone/pkg/infrastructure/mongodb/post.go:396.89,399.9 3 0
github.com/VladislavYak/redditclone/pkg/infrastructure/mongodb/post.go:399.9,401.3 1 0
github.com/VladislavYak/redditclone/pkg/infrastructure/mongodb/post.go:403.2,404.16 2 0
github.com/VladislavYak/redditclone/pkg/infrastructure/mongodb/post.go:404.16,406.3 1 0
github.com/VladislavYak/redditclone/pkg/infrastructure/mongodb/post.go:407.2,425.33 6 0
github.com/VladislavYak/redditclone/pkg/infrastructure/mongodb/post.go:425.33,427.3 1 0
github.com/VladislavYak/redditclone/pkg/infrastructure/mongodb/post.go:428.2,428.16 1 0
github.com/VladislavYak/redditclone/pkg/infrastructure/mongodb/post.go:428.16,430.3 1 0
github.com/VladislavYak/redditclone/pkg/infrastructure/mongodb/post.go:432.2,434.26 2 0
github.com/VladislavYak/redditclone/pkg/infrastructure/mongodb/post.go:438.94,443.16 3 0
github.com/VladislavYak/redditclone/pkg/infrastructure/mongodb/post.go:443.16,445.3 1 0
github.com/VladislavYak/redditclone/pkg/infrastructure/mongodb/post.go:448.2,450.33 3 0
github.com/VladislavYak/redditclone/pkg/infrastructure/mongodb/post.go:450.33,452.3 1 0
github.com/VladislavYak/redditclone/pkg/infrastructure/mongodb/post.go:453.2,453.16 1 0
github.com/VladislavYak/redditclone/pkg/infrastructure/mongodb/post.go:453.16,455.3 1 0
github.com/VladislavYak/redditclone/pkg/infrastructure/mongodb/post.go:458.2,459.37 2 0
github.com/VladislavYak/redditclone/pkg/infrastructure/mongodb/post.go:459.37,461.3 1 0
github.com/VladislavYak/redditclone/pkg/infrastructure/mongodb/post.go:464.2,467.16 2 0
github.com/VladislavYak/redditclone/pkg/infrastructure/mongodb/post.go:467.16,469.3 1 0
github.com/VladislavYak/redditclone/pkg/infrastructure/mongodb/post.go:472.2,474.26 3 0
github.com/VladislavYak/redditclone/pkg/handlers/comment.go:20.60,35.38 8 0
github.com/VladislavYak/redditclone/pkg/handlers/comment.go:35.38,37.3 1 0
github.com/VladislavYak/redditclone/pkg/handlers/comment.go:39.2,42.16 3 0
github.com/VladislavYak/redditclone/pkg/handlers/comment.go:42.16,44.3 1 0
github.com/VladislavYak/redditclone/pkg/handlers/comment.go:46.2,46.60 1 0
github.com/VladislavYak/redditclone/pkg/handlers/comment.go:49.63,54.16 4 0
github.com/VladislavYak/redditclone/pkg/handlers/comment.go:54.16,56.3 1 0
github.com/VladislavYak/redditclone/pkg/handlers/comment.go:57.2,57.60 1 0
github.com/VladislavYak/redditclone/pkg/handlers/posts.go:28.55,30.16 2 0
github.com/VladislavYak/redditclone/pkg/handlers/posts.go:30.16,32.3 1 0
github.com/VladislavYak/redditclone/pkg/handlers/posts.go:34.2,34.37 1 0
github.com/VladislavYak/redditclone/pkg/handlers/posts.go:37.69,43.16 3 0
github.com/VladislavYak/redditclone/pkg/handlers/posts.go:43.16,45.3 1 0
github.com/VladislavYak/redditclone/pkg/handlers/posts.go:47.2,47.37 1 0
github.com/VladislavYak/redditclone/pkg/handlers/posts.go:50.58,58.16 3 0
github.com/VladislavYak/redditclone/pkg/handlers/posts.go:58.16,60.3 1 0
github.com/VladislavYak/redditclone/pkg/handlers/posts.go:62.2,62.36 1 0
github.com/VladislavYak/redditclone/pkg/handlers/posts.go:66.64,70.16 3 0
github.com/VladislavYak/redditclone/pkg/handlers/posts.go:70.16,72.3 1 0
github.com/VladislavYak/redditclone/pkg/handlers/posts.go:74.2,74.36 1 0
github.com/VladislavYak/redditclone/pkg/handlers/posts.go:78.55,89.35 7 0
github.com/VladislavYak/redditclone/pkg/handlers/posts.go:89.35,91.3 1 0
github.com/VladislavYak/redditclone/pkg/handlers/posts.go:93.2,98.16 5 0
github.com/VladislavYak/redditclone/pkg/handlers/posts.go:98.16,100.3 1 0
github.com/VladislavYak/redditclone/pkg/handlers/posts.go:102.2,102.49 1 0
github.com/VladislavYak/redditclone/pkg/handlers/posts.go:105.57,110.16 3 0
github.com/VladislavYak/redditclone/pkg/handlers/posts.go:110.16,112.3 1 0
github.com/VladislavYak/redditclone/pkg/handlers/posts.go:114.2,114.43 1 0
github.com/VladislavYak/redditclone/pkg/handlers/posts.go:117.53,129.16 8 0
github.com/VladislavYak/redditclone/pkg/handlers/posts.go:129.16,131.3 1 0
github.com/VladislavYak/redditclone/pkg/handlers/posts.go:133.2,133.55 1 0
github.com/VladislavYak/redditclone/pkg/handlers/posts.go:137.55,149.16 8 0
github.com/VladislavYak/redditclone/pkg/handlers/posts.go:149.16,151.3 1 0
github.com/VladislavYak/redditclone/pkg/handlers/posts.go:153.2,153.55 1 0
github.com/VladislavYak/redditclone/pkg/handlers/posts.go:156.53,168.16 8 0
github.com/VladislavYak/redditclone/pkg/handlers/posts.go:168.16,170.3 1 0
github.com/VladislavYak/redditclone/pkg/handlers/posts.go:172.2,172.55 1 0
github.com/VladislavYak/redditclone/pkg/handlers/user.go:25.52,28.37 2 0
github.com/VladislavYak/redditclone/pkg/handlers/user.go:28.37,30.3 1 0
github.com/VladislavYak/redditclone/pkg/handlers/user.go:31.2,32.16 2 0
github.com/VladislavYak/redditclone/pkg/handlers/user.go:32.16,34.3 1 0
github.com/VladislavYak/redditclone/pkg/handlers/user.go:36.2,38.4 1 0
github.com/VladislavYak/redditclone/pkg/handlers/user.go:41.55,47.37 3 0
github.com/VladislavYak/redditclone/pkg/handlers/user.go:47.37,49.3 1 0
github.com/VladislavYak/redditclone/pkg/handlers/user.go:51.2,53.16 3 0
github.com/VladislavYak/redditclone/pkg/handlers/user.go:53.16,56.3 2 0
github.com/VladislavYak/redditclone/pkg/handlers/user.go:58.2,62.4 2 0
github.com/VladislavYak/redditclone/mocks/comment_repository_mock.go:32.79,36.2 3 0
github.com/VladislavYak/redditclone/mocks/comment_repository_mock.go:39.77,41.2 1 0
github.com/VladislavYak/redditclone/mocks/comment_repository_mock.go:44.86,49.2 4 0
github.com/VladislavYak/redditclone/mocks/comment_repository_mock.go:52.86,55.2 2 0
github.com/VladislavYak/redditclone/mocks/comment_repository_mock.go:58.72,63.2 4 0
github.com/VladislavYak/redditclone/mocks/comment_repository_mock.go:66.89,69.2 2 0
github.com/VladislavYak/redditclone/mocks/post_repository_mock.go:33.73,37.2 3 0
github.com/VladislavYak/redditclone/mocks/post_repository_mock.go:40.71,42.2 1 0
github.com/VladislavYak/redditclone/mocks/post_repository_mock.go:45.96,51.2 5 0
github.com/VladislavYak/redditclone/mocks/post_repository_mock.go:54.79,57.2 2 0
github.com/VladislavYak/redditclone/mocks/post_repository_mock.go:60.93,66.2 5 0
github.com/VladislavYak/redditclone/mocks/post_repository_mock.go:69.80,72.2 2 0
github.com/VladislavYak/redditclone/mocks/post_repository_mock.go:75.91,81.2 5 0
github.com/VladislavYak/redditclone/mocks/post_repository_mock.go:84.78,87.2 2 0
github.com/VladislavYak/redditclone/mocks/post_repository_mock.go:90.85,96.2 5 0
github.com/VladislavYak/redditclone/mocks/post_repository_mock.go:99.77,102.2 2 0
github.com/VladislavYak/redditclone/mocks/post_repository_mock.go:105.94,111.2 5 0
github.com/VladislavYak/redditclone/mocks/post_repository_mock.go:114.81,117.2 2 0
github.com/VladislavYak/redditclone/mocks/post_repository_mock.go:120.117,126.2 5 0
github.com/VladislavYak/redditclone/mocks/post_repository_mock.go:129.102,132.2 2 0
github.com/VladislavYak/redditclone/mocks/post_repository_mock.go:135.109,141.2 5 0
github.com/VladislavYak/redditclone/mocks/post_repository_mock.go:144.94,147.2 2 0
github.com/VladislavYak/redditclone/mocks/post_repository_mock.go:150.89,156.2 5 0
github.com/VladislavYak/redditclone/mocks/post_repository_mock.go:159.76,162.2 2 0
github.com/VladislavYak/redditclone/mocks/post_repository_mock.go:165.93,171.2 5 0
github.com/VladislavYak/redditclone/mocks/post_repository_mock.go:174.80,177.2 2 0
github.com/VladislavYak/redditclone/mocks/post_repository_mock.go:180.93,186.2 5 0
github.com/VladislavYak/redditclone/mocks/post_repository_mock.go:189.80,192.2 2 0
github.com/VladislavYak/redditclone/mocks/user_repository_mock.go:34.73,38.2 3 1
github.com/VladislavYak/redditclone/mocks/user_repository_mock.go:41.71,43.2 1 1
github.com/VladislavYak/redditclone/mocks/user_repository_mock.go:46.117,51.2 4 1
github.com/VladislavYak/redditclone/mocks/user_repository_mock.go:54.108,57.2 2 1
github.com/VladislavYak/redditclone/mocks/user_repository_mock.go:60.112,66.2 5 1
github.com/VladislavYak/redditclone/mocks/user_repository_mock.go:69.88,72.2 2 1
github.com/VladislavYak/redditclone/mocks/user_repository_mock.go:75.96,81.2 5 1
github.com/VladislavYak/redditclone/mocks/user_repository_mock.go:84.79,87.2 2 1
github.com/VladislavYak/redditclone/mocks/user_repository_mock.go:90.100,96.2 5 0
github.com/VladislavYak/redditclone/mocks/user_repository_mock.go:99.87,102.2 2 0
github.com/VladislavYak/redditclone/mocks/user_repository_mock.go:105.104,110.2 4 0
github.com/VladislavYak/redditclone/mocks/user_repository_mock.go:113.95,116.2 2 0
github.com/VladislavYak/redditclone/pkg/application/comment.go:24.96,26.2 1 0
github.com/VladislavYak/redditclone/pkg/application/comment.go:28.112,31.16 3 0
github.com/VladislavYak/redditclone/pkg/application/comment.go:31.16,33.3 1 0
github.com/VladislavYak/redditclone/pkg/application/comment.go:35.2,36.16 2 0
github.com/VladislavYak/redditclone/pkg/application/comment.go:36.16,38.3 1 0
github.com/VladislavYak/redditclone/pkg/application/comment.go:40.2,40.26 1 0
github.com/VladislavYak/redditclone/pkg/application/comment.go:43.111,47.16 3 0
github.com/VladislavYak/redditclone/pkg/application/comment.go:47.16,49.3 1 0
github.com/VladislavYak/redditclone/pkg/application/comment.go:51.2,52.16 2 0
github.com/VladislavYak/redditclone/pkg/application/comment.go:52.16,54.3 1 0
github.com/VladislavYak/redditclone/pkg/application/comment.go:56.2,56.26 1 0
github.com/VladislavYak/redditclone/pkg/application/post.go:30.55,32.2 1 0
github.com/VladislavYak/redditclone/pkg/application/post.go:38.87,44.16 4 0
github.com/VladislavYak/redditclone/pkg/application/post.go:44.16,46.3 1 0
github.com/VladislavYak/redditclone/pkg/application/post.go:48.2,51.16 3 0
github.com/VladislavYak/redditclone/pkg/application/post.go:51.16,53.3 1 0
github.com/VladislavYak/redditclone/pkg/application/post.go:55.2,56.16 2 0
github.com/VladislavYak/redditclone/pkg/application/post.go:56.16,58.3 1 0
github.com/VladislavYak/redditclone/pkg/application/post.go:60.2,62.26 2 0
github.com/VladislavYak/redditclone/pkg/application/post.go:67.79,71.16 3 0
github.com/VladislavYak/redditclone/pkg/application/post.go:71.16,73.3 1 0
github.com/VladislavYak/redditclone/pkg/application/post.go:75.2,77.26 2 0
github.com/VladislavYak/redditclone/pkg/application/post.go:82.71,86.16 3 0
github.com/VladislavYak/redditclone/pkg/application/post.go:86.16,88.3 1 0
github.com/VladislavYak/redditclone/pkg/application/post.go:90.2,90.26 1 0
github.com/VladislavYak/redditclone/pkg/application/post.go:94.80,98.16 3 0
github.com/VladislavYak/redditclone/pkg/application/post.go:98.16,100.3 1 0
github.com/VladislavYak/redditclone/pkg/application/post.go:102.2,102.26 1 0
github.com/VladislavYak/redditclone/pkg/application/post.go:107.97,111.16 3 0
github.com/VladislavYak/redditclone/pkg/application/post.go:111.16,113.3 1 0
github.com/VladislavYak/redditclone/pkg/application/post.go:115.2,115.26 1 0
github.com/VladislavYak/redditclone/pkg/application/post.go:119.88,123.16 3 0
github.com/VladislavYak/redditclone/pkg/application/post.go:123.16,125.3 1 0
github.com/VladislavYak/redditclone/pkg/application/post.go:127.2,127.26 1 0
github.com/VladislavYak/redditclone/pkg/application/post.go:131.84,136.16 3 0
github.com/VladislavYak/redditclone/pkg/application/post.go:136.16,138.3 1 0
github.com/VladislavYak/redditclone/pkg/application/post.go:140.2,142.16 2 0
github.com/VladislavYak/redditclone/pkg/application/post.go:142.16,144.3 1 0
github.com/VladislavYak/redditclone/pkg/application/post.go:146.2,146.26 1 0
github.com/VladislavYak/redditclone/pkg/application/post.go:150.86,154.16 3 0
github.com/VladislavYak/redditclone/pkg/application/post.go:154.16,156.3 1 0
github.com/VladislavYak/redditclone/pkg/application/post.go:158.2,160.16 2 0
github.com/VladislavYak/redditclone/pkg/application/post.go:160.16,162.3 1 0
github.com/VladislavYak/redditclone/pkg/application/post.go:164.2,164.26 1 0
github.com/VladislavYak/redditclone/pkg/application/post.go:168.84,171.16 3 0
github.com/VladislavYak/redditclone/pkg/application/post.go:171.16,173.3 1 0
github.com/VladislavYak/redditclone/pkg/application/post.go:175.2,177.16 2 0
github.com/VladislavYak/redditclone/pkg/application/post.go:177.16,179.3 1 0
github.com/VladislavYak/redditclone/pkg/application/post.go:181.2,181.26 1 0
github.com/VladislavYak/redditclone/pkg/application/user.go:46.54,49.2 1 0
github.com/VladislavYak/redditclone/pkg/application/user.go:51.91,56.79 3 1
github.com/VladislavYak/redditclone/pkg/application/user.go:56.79,58.3 1 1
github.com/VladislavYak/redditclone/pkg/application/user.go:60.2,62.16 3 1
github.com/VladislavYak/redditclone/pkg/application/user.go:62.16,64.3 1 1
github.com/VladislavYak/redditclone/pkg/application/user.go:66.2,80.16 5 1
github.com/VladislavYak/redditclone/pkg/application/user.go:80.16,82.3 1 0
github.com/VladislavYak/redditclone/pkg/application/user.go:84.2,84.108 1 1
github.com/VladislavYak/redditclone/pkg/application/user.go:84.108,86.3 1 0
github.com/VladislavYak/redditclone/pkg/application/user.go:88.2,88.19 1 1
github.com/VladislavYak/redditclone/pkg/application/user.go:91.88,95.16 3 0
github.com/VladislavYak/redditclone/pkg/application/user.go:95.16,97.3 1 0
github.com/VladislavYak/redditclone/pkg/application/user.go:99.2,100.16 2 0
github.com/VladislavYak/redditclone/pkg/application/user.go:100.16,102.3 1 0
github.com/VladislavYak/redditclone/pkg/application/user.go:104.2,104.28 1 0
github.com/VladislavYak/redditclone/pkg/application/user.go:104.28,106.3 1 0
github.com/VladislavYak/redditclone/pkg/application/user.go:108.2,117.16 3 0
github.com/VladislavYak/redditclone/pkg/application/user.go:117.16,119.3 1 0
github.com/VladislavYak/redditclone/pkg/application/user.go:121.2,121.19 1 0
github.com/VladislavYak/redditclone/pkg/application/user.go:125.99,129.16 3 0
github.com/VladislavYak/redditclone/pkg/application/user.go:129.16,131.3 1 0
github.com/VladislavYak/redditclone/pkg/application/user.go:133.2,133.12 1 0
github.com/VladislavYak/redditclone/pkg/domain/comment/comment.go:16.57,18.2 1 0
github.com/VladislavYak/redditclone/pkg/domain/comment/comment.go:20.46,23.2 2 0
github.com/VladislavYak/redditclone/pkg/domain/post/post.go:30.111,44.2 1 0
github.com/VladislavYak/redditclone/pkg/domain/post/post.go:46.40,49.2 2 0
github.com/VladislavYak/redditclone/pkg/domain/post/post.go:52.36,54.31 2 0
github.com/VladislavYak/redditclone/pkg/domain/post/post.go:54.31,56.3 1 0
github.com/VladislavYak/redditclone/pkg/domain/post/post.go:58.2,59.10 2 0
github.com/VladislavYak/redditclone/pkg/domain/post/post.go:82.42,86.2 2 0
github.com/VladislavYak/redditclone/pkg/domain/user/user.go:14.37,16.2 1 1
github.com/VladislavYak/redditclone/pkg/domain/user/user.go:19.40,22.2 2 0
github.com/VladislavYak/redditclone/pkg/infrastructure/auth/jwt.go:13.79,20.2 3 1
