mode: set
github.com/VladislavYak/redditclone/cmd/redditclone/main.go:27.13,82.2 28 0
github.com/VladislavYak/redditclone/cmd/redditclone/main.go:82.2,84.51 1 0
github.com/VladislavYak/redditclone/cmd/redditclone/main.go:84.51,86.5 1 0
github.com/VladislavYak/redditclone/cmd/redditclone/main.go:90.3,108.48 9 0
github.com/VladislavYak/redditclone/cmd/redditclone/main.go:111.2,111.34 1 0
github.com/VladislavYak/redditclone/mocks/auth_repository_mock.go:33.73,37.2 3 0
github.com/VladislavYak/redditclone/mocks/auth_repository_mock.go:40.71,42.2 1 0
github.com/VladislavYak/redditclone/mocks/auth_repository_mock.go:45.117,50.2 4 0
github.com/VladislavYak/redditclone/mocks/auth_repository_mock.go:53.108,56.2 2 0
github.com/VladislavYak/redditclone/mocks/auth_repository_mock.go:59.104,64.2 4 0
github.com/VladislavYak/redditclone/mocks/auth_repository_mock.go:67.95,70.2 2 0
github.com/VladislavYak/redditclone/mocks/comment_repository_mock.go:32.79,36.2 3 0
github.com/VladislavYak/redditclone/mocks/comment_repository_mock.go:39.77,41.2 1 0
github.com/VladislavYak/redditclone/mocks/comment_repository_mock.go:44.86,49.2 4 0
github.com/VladislavYak/redditclone/mocks/comment_repository_mock.go:52.86,55.2 2 0
github.com/VladislavYak/redditclone/mocks/comment_repository_mock.go:58.72,63.2 4 0
github.com/VladislavYak/redditclone/mocks/comment_repository_mock.go:66.89,69.2 2 0
github.com/VladislavYak/redditclone/mocks/post_repository_mock.go:33.73,37.2 3 0
github.com/VladislavYak/redditclone/mocks/post_repository_mock.go:40.71,42.2 1 0
github.com/VladislavYak/redditclone/mocks/post_repository_mock.go:45.96,51.2 5 0
github.com/VladislavYak/redditclone/mocks/post_repository_mock.go:54.79,57.2 2 0
github.com/VladislavYak/redditclone/mocks/post_repository_mock.go:60.93,66.2 5 0
github.com/VladislavYak/redditclone/mocks/post_repository_mock.go:69.80,72.2 2 0
github.com/VladislavYak/redditclone/mocks/post_repository_mock.go:75.91,81.2 5 0
github.com/VladislavYak/redditclone/mocks/post_repository_mock.go:84.78,87.2 2 0
github.com/VladislavYak/redditclone/mocks/post_repository_mock.go:90.85,96.2 5 0
github.com/VladislavYak/redditclone/mocks/post_repository_mock.go:99.77,102.2 2 0
github.com/VladislavYak/redditclone/mocks/post_repository_mock.go:105.94,111.2 5 0
github.com/VladislavYak/redditclone/mocks/post_repository_mock.go:114.81,117.2 2 0
github.com/VladislavYak/redditclone/mocks/post_repository_mock.go:120.117,126.2 5 0
github.com/VladislavYak/redditclone/mocks/post_repository_mock.go:129.102,132.2 2 0
github.com/VladislavYak/redditclone/mocks/post_repository_mock.go:135.109,141.2 5 0
github.com/VladislavYak/redditclone/mocks/post_repository_mock.go:144.94,147.2 2 0
github.com/VladislavYak/redditclone/mocks/post_repository_mock.go:150.89,156.2 5 0
github.com/VladislavYak/redditclone/mocks/post_repository_mock.go:159.76,162.2 2 0
github.com/VladislavYak/redditclone/mocks/post_repository_mock.go:165.93,171.2 5 0
github.com/VladislavYak/redditclone/mocks/post_repository_mock.go:174.80,177.2 2 0
github.com/VladislavYak/redditclone/mocks/post_repository_mock.go:180.93,186.2 5 0
github.com/VladislavYak/redditclone/mocks/post_repository_mock.go:189.80,192.2 2 0
github.com/VladislavYak/redditclone/mocks/user_repository_mock.go:33.73,37.2 3 0
github.com/VladislavYak/redditclone/mocks/user_repository_mock.go:40.71,42.2 1 0
github.com/VladislavYak/redditclone/mocks/user_repository_mock.go:45.112,51.2 5 0
github.com/VladislavYak/redditclone/mocks/user_repository_mock.go:54.88,57.2 2 0
github.com/VladislavYak/redditclone/mocks/user_repository_mock.go:60.96,66.2 5 0
github.com/VladislavYak/redditclone/mocks/user_repository_mock.go:69.79,72.2 2 0
github.com/VladislavYak/redditclone/mocks/user_repository_mock.go:75.100,81.2 5 0
github.com/VladislavYak/redditclone/mocks/user_repository_mock.go:84.87,87.2 2 0
github.com/VladislavYak/redditclone/pkg/domain/user/user.go:9.37,11.2 1 0
github.com/VladislavYak/redditclone/pkg/domain/user/user.go:14.40,17.2 2 0
github.com/VladislavYak/redditclone/pkg/domain/auth/token_generator.go:7.79,12.16 3 0
github.com/VladislavYak/redditclone/pkg/domain/auth/token_generator.go:12.16,14.3 1 0
github.com/VladislavYak/redditclone/pkg/domain/auth/token_generator.go:15.2,15.25 1 0
github.com/VladislavYak/redditclone/pkg/handlers/comment.go:20.60,35.38 8 0
github.com/VladislavYak/redditclone/pkg/handlers/comment.go:35.38,37.3 1 0
github.com/VladislavYak/redditclone/pkg/handlers/comment.go:39.2,42.16 3 0
github.com/VladislavYak/redditclone/pkg/handlers/comment.go:42.16,44.3 1 0
github.com/VladislavYak/redditclone/pkg/handlers/comment.go:46.2,46.60 1 0
github.com/VladislavYak/redditclone/pkg/handlers/comment.go:49.63,54.16 4 0
github.com/VladislavYak/redditclone/pkg/handlers/comment.go:54.16,56.3 1 0
github.com/VladislavYak/redditclone/pkg/handlers/comment.go:57.2,57.60 1 0
github.com/VladislavYak/redditclone/pkg/handlers/posts.go:28.55,30.16 2 0
github.com/VladislavYak/redditclone/pkg/handlers/posts.go:30.16,32.3 1 0
github.com/VladislavYak/redditclone/pkg/handlers/posts.go:34.2,34.37 1 0
github.com/VladislavYak/redditclone/pkg/handlers/posts.go:37.69,43.16 3 0
github.com/VladislavYak/redditclone/pkg/handlers/posts.go:43.16,45.3 1 0
github.com/VladislavYak/redditclone/pkg/handlers/posts.go:47.2,47.37 1 0
github.com/VladislavYak/redditclone/pkg/handlers/posts.go:50.58,58.16 3 0
github.com/VladislavYak/redditclone/pkg/handlers/posts.go:58.16,60.3 1 0
github.com/VladislavYak/redditclone/pkg/handlers/posts.go:62.2,62.36 1 0
github.com/VladislavYak/redditclone/pkg/handlers/posts.go:66.64,70.16 3 0
github.com/VladislavYak/redditclone/pkg/handlers/posts.go:70.16,72.3 1 0
github.com/VladislavYak/redditclone/pkg/handlers/posts.go:74.2,74.36 1 0
github.com/VladislavYak/redditclone/pkg/handlers/posts.go:78.55,89.35 7 0
github.com/VladislavYak/redditclone/pkg/handlers/posts.go:89.35,91.3 1 0
github.com/VladislavYak/redditclone/pkg/handlers/posts.go:93.2,98.16 5 0
github.com/VladislavYak/redditclone/pkg/handlers/posts.go:98.16,100.3 1 0
github.com/VladislavYak/redditclone/pkg/handlers/posts.go:102.2,102.49 1 0
github.com/VladislavYak/redditclone/pkg/handlers/posts.go:105.57,110.16 3 0
github.com/VladislavYak/redditclone/pkg/handlers/posts.go:110.16,112.3 1 0
github.com/VladislavYak/redditclone/pkg/handlers/posts.go:114.2,114.43 1 0
github.com/VladislavYak/redditclone/pkg/handlers/posts.go:117.53,129.16 8 0
github.com/VladislavYak/redditclone/pkg/handlers/posts.go:129.16,131.3 1 0
github.com/VladislavYak/redditclone/pkg/handlers/posts.go:133.2,133.55 1 0
github.com/VladislavYak/redditclone/pkg/handlers/posts.go:137.55,149.16 8 0
github.com/VladislavYak/redditclone/pkg/handlers/posts.go:149.16,151.3 1 0
github.com/VladislavYak/redditclone/pkg/handlers/posts.go:153.2,153.55 1 0
github.com/VladislavYak/redditclone/pkg/handlers/posts.go:156.53,168.16 8 0
github.com/VladislavYak/redditclone/pkg/handlers/posts.go:168.16,170.3 1 0
github.com/VladislavYak/redditclone/pkg/handlers/posts.go:172.2,172.55 1 0
github.com/VladislavYak/redditclone/pkg/handlers/user.go:25.52,28.37 2 0
github.com/VladislavYak/redditclone/pkg/handlers/user.go:28.37,30.3 1 0
github.com/VladislavYak/redditclone/pkg/handlers/user.go:31.2,32.16 2 0
github.com/VladislavYak/redditclone/pkg/handlers/user.go:32.16,34.3 1 0
github.com/VladislavYak/redditclone/pkg/handlers/user.go:36.2,38.4 1 0
github.com/VladislavYak/redditclone/pkg/handlers/user.go:41.55,47.37 3 0
github.com/VladislavYak/redditclone/pkg/handlers/user.go:47.37,49.3 1 0
github.com/VladislavYak/redditclone/pkg/handlers/user.go:51.2,53.16 3 0
github.com/VladislavYak/redditclone/pkg/handlers/user.go:53.16,56.3 2 0
github.com/VladislavYak/redditclone/pkg/handlers/user.go:58.2,62.4 2 0
github.com/VladislavYak/redditclone/pkg/infrastructure/postgres/auth.go:20.64,22.2 1 0
github.com/VladislavYak/redditclone/pkg/infrastructure/postgres/auth.go:24.132,36.16 6 0
github.com/VladislavYak/redditclone/pkg/infrastructure/postgres/auth.go:36.16,38.3 1 0
github.com/VladislavYak/redditclone/pkg/infrastructure/postgres/auth.go:40.2,40.12 1 0
github.com/VladislavYak/redditclone/pkg/infrastructure/postgres/auth.go:47.102,53.26 5 0
github.com/VladislavYak/redditclone/pkg/infrastructure/postgres/auth.go:53.26,55.3 1 0
github.com/VladislavYak/redditclone/pkg/infrastructure/postgres/auth.go:57.2,57.16 1 0
github.com/VladislavYak/redditclone/pkg/infrastructure/postgres/auth.go:57.16,59.3 1 0
github.com/VladislavYak/redditclone/pkg/infrastructure/postgres/auth.go:61.2,63.34 2 0
github.com/VladislavYak/redditclone/pkg/infrastructure/postgres/auth.go:63.34,65.3 1 0
github.com/VladislavYak/redditclone/pkg/infrastructure/postgres/auth.go:66.2,66.12 1 0
github.com/VladislavYak/redditclone/pkg/infrastructure/postgres/pool.go:10.41,14.16 3 0
github.com/VladislavYak/redditclone/pkg/infrastructure/postgres/pool.go:14.16,16.3 1 0
github.com/VladislavYak/redditclone/pkg/infrastructure/postgres/pool.go:18.2,18.56 1 0
github.com/VladislavYak/redditclone/pkg/infrastructure/postgres/pool.go:18.56,22.3 3 0
github.com/VladislavYak/redditclone/pkg/infrastructure/postgres/pool.go:23.2,25.18 2 0
github.com/VladislavYak/redditclone/pkg/infrastructure/postgres/user.go:20.64,22.2 1 0
github.com/VladislavYak/redditclone/pkg/infrastructure/postgres/user.go:24.94,30.26 4 0
github.com/VladislavYak/redditclone/pkg/infrastructure/postgres/user.go:30.26,32.3 1 0
github.com/VladislavYak/redditclone/pkg/infrastructure/postgres/user.go:33.2,33.16 1 0
github.com/VladislavYak/redditclone/pkg/infrastructure/postgres/user.go:33.16,35.3 1 0
github.com/VladislavYak/redditclone/pkg/infrastructure/postgres/user.go:36.2,36.16 1 0
github.com/VladislavYak/redditclone/pkg/infrastructure/postgres/user.go:39.110,49.16 4 0
github.com/VladislavYak/redditclone/pkg/infrastructure/postgres/user.go:49.16,51.3 1 0
github.com/VladislavYak/redditclone/pkg/infrastructure/postgres/user.go:52.2,52.18 1 0
github.com/VladislavYak/redditclone/pkg/infrastructure/postgres/user.go:55.98,60.26 4 0
github.com/VladislavYak/redditclone/pkg/infrastructure/postgres/user.go:60.26,62.3 1 0
github.com/VladislavYak/redditclone/pkg/infrastructure/postgres/user.go:63.2,63.16 1 0
github.com/VladislavYak/redditclone/pkg/infrastructure/postgres/user.go:63.16,65.3 1 0
github.com/VladislavYak/redditclone/pkg/infrastructure/postgres/user.go:66.2,66.22 1 0
github.com/VladislavYak/redditclone/pkg/domain/post/post.go:29.111,43.2 1 0
github.com/VladislavYak/redditclone/pkg/domain/post/post.go:45.40,48.2 2 0
github.com/VladislavYak/redditclone/pkg/domain/post/vote.go:8.42,12.2 2 0
github.com/VladislavYak/redditclone/pkg/infrastructure/mongodb/client.go:19.56,24.16 4 0
github.com/VladislavYak/redditclone/pkg/infrastructure/mongodb/client.go:24.16,26.3 1 0
github.com/VladislavYak/redditclone/pkg/infrastructure/mongodb/client.go:29.2,30.16 2 0
github.com/VladislavYak/redditclone/pkg/infrastructure/mongodb/client.go:30.16,32.3 1 0
github.com/VladislavYak/redditclone/pkg/infrastructure/mongodb/client.go:34.2,34.20 1 0
github.com/VladislavYak/redditclone/pkg/infrastructure/mongodb/comment.go:20.104,27.2 2 0
github.com/VladislavYak/redditclone/pkg/infrastructure/mongodb/comment.go:29.83,36.16 5 0
github.com/VladislavYak/redditclone/pkg/infrastructure/mongodb/comment.go:36.16,38.3 1 0
github.com/VladislavYak/redditclone/pkg/infrastructure/mongodb/comment.go:40.2,51.16 3 0
github.com/VladislavYak/redditclone/pkg/infrastructure/mongodb/comment.go:51.16,53.3 1 0
github.com/VladislavYak/redditclone/pkg/infrastructure/mongodb/comment.go:55.2,55.30 1 0
github.com/VladislavYak/redditclone/pkg/infrastructure/mongodb/comment.go:55.30,57.3 1 0
github.com/VladislavYak/redditclone/pkg/infrastructure/mongodb/comment.go:59.2,59.12 1 0
github.com/VladislavYak/redditclone/pkg/infrastructure/mongodb/comment.go:63.78,66.16 2 0
github.com/VladislavYak/redditclone/pkg/infrastructure/mongodb/comment.go:66.16,68.3 1 0
github.com/VladislavYak/redditclone/pkg/infrastructure/mongodb/comment.go:71.2,85.16 3 0
github.com/VladislavYak/redditclone/pkg/infrastructure/mongodb/comment.go:85.16,87.3 1 0
github.com/VladislavYak/redditclone/pkg/infrastructure/mongodb/comment.go:88.2,88.30 1 0
github.com/VladislavYak/redditclone/pkg/infrastructure/mongodb/comment.go:88.30,90.3 1 0
github.com/VladislavYak/redditclone/pkg/infrastructure/mongodb/comment.go:91.2,91.31 1 0
github.com/VladislavYak/redditclone/pkg/infrastructure/mongodb/comment.go:91.31,93.3 1 0
github.com/VladislavYak/redditclone/pkg/infrastructure/mongodb/comment.go:95.2,95.12 1 0
github.com/VladislavYak/redditclone/pkg/infrastructure/mongodb/post.go:25.91,33.2 2 0
github.com/VladislavYak/redditclone/pkg/infrastructure/mongodb/post.go:51.40,67.2 1 0
github.com/VladislavYak/redditclone/pkg/infrastructure/mongodb/post.go:69.81,74.16 4 0
github.com/VladislavYak/redditclone/pkg/infrastructure/mongodb/post.go:74.16,76.3 1 0
github.com/VladislavYak/redditclone/pkg/infrastructure/mongodb/post.go:78.2,80.61 2 0
github.com/VladislavYak/redditclone/pkg/infrastructure/mongodb/post.go:80.61,82.3 1 0
github.com/VladislavYak/redditclone/pkg/infrastructure/mongodb/post.go:84.2,85.36 2 0
github.com/VladislavYak/redditclone/pkg/infrastructure/mongodb/post.go:85.36,89.3 1 0
github.com/VladislavYak/redditclone/pkg/infrastructure/mongodb/post.go:91.2,91.19 1 0
github.com/VladislavYak/redditclone/pkg/infrastructure/mongodb/post.go:94.113,98.16 3 0
github.com/VladislavYak/redditclone/pkg/infrastructure/mongodb/post.go:98.16,100.3 1 0
github.com/VladislavYak/redditclone/pkg/infrastructure/mongodb/post.go:102.2,103.61 2 0
github.com/VladislavYak/redditclone/pkg/infrastructure/mongodb/post.go:103.61,105.3 1 0
github.com/VladislavYak/redditclone/pkg/infrastructure/mongodb/post.go:107.2,108.36 2 0
github.com/VladislavYak/redditclone/pkg/infrastructure/mongodb/post.go:108.36,112.3 1 0
github.com/VladislavYak/redditclone/pkg/infrastructure/mongodb/post.go:113.2,113.19 1 0
github.com/VladislavYak/redditclone/pkg/infrastructure/mongodb/post.go:116.90,126.16 7 0
github.com/VladislavYak/redditclone/pkg/infrastructure/mongodb/post.go:126.16,128.3 1 0
github.com/VladislavYak/redditclone/pkg/infrastructure/mongodb/post.go:130.2,136.18 4 0
github.com/VladislavYak/redditclone/pkg/infrastructure/mongodb/post.go:139.105,142.16 2 0
github.com/VladislavYak/redditclone/pkg/infrastructure/mongodb/post.go:142.16,143.13 1 0
github.com/VladislavYak/redditclone/pkg/infrastructure/mongodb/post.go:146.2,147.61 2 0
github.com/VladislavYak/redditclone/pkg/infrastructure/mongodb/post.go:147.61,148.13 1 0
github.com/VladislavYak/redditclone/pkg/infrastructure/mongodb/post.go:151.2,152.36 2 0
github.com/VladislavYak/redditclone/pkg/infrastructure/mongodb/post.go:152.36,156.3 1 0
github.com/VladislavYak/redditclone/pkg/infrastructure/mongodb/post.go:158.2,158.19 1 0
github.com/VladislavYak/redditclone/pkg/infrastructure/mongodb/post.go:162.59,173.16 6 0
github.com/VladislavYak/redditclone/pkg/infrastructure/mongodb/post.go:173.16,174.13 1 0
github.com/VladislavYak/redditclone/pkg/infrastructure/mongodb/post.go:175.8,179.3 3 0
github.com/VladislavYak/redditclone/pkg/infrastructure/mongodb/post.go:182.2,182.32 1 0
github.com/VladislavYak/redditclone/pkg/infrastructure/mongodb/post.go:185.92,206.16 4 0
github.com/VladislavYak/redditclone/pkg/infrastructure/mongodb/post.go:206.16,208.3 1 0
github.com/VladislavYak/redditclone/pkg/infrastructure/mongodb/post.go:210.2,212.56 2 0
github.com/VladislavYak/redditclone/pkg/infrastructure/mongodb/post.go:212.56,216.3 2 0
github.com/VladislavYak/redditclone/pkg/infrastructure/mongodb/post.go:216.8,218.3 1 0
github.com/VladislavYak/redditclone/pkg/infrastructure/mongodb/post.go:220.2,224.26 3 0
github.com/VladislavYak/redditclone/pkg/infrastructure/mongodb/post.go:227.89,231.16 3 0
github.com/VladislavYak/redditclone/pkg/infrastructure/mongodb/post.go:231.16,233.3 1 0
github.com/VladislavYak/redditclone/pkg/infrastructure/mongodb/post.go:235.2,236.16 2 0
github.com/VladislavYak/redditclone/pkg/infrastructure/mongodb/post.go:236.16,238.3 1 0
github.com/VladislavYak/redditclone/pkg/infrastructure/mongodb/post.go:241.2,241.17 1 0
github.com/VladislavYak/redditclone/pkg/infrastructure/mongodb/post.go:247.89,250.9 3 0
github.com/VladislavYak/redditclone/pkg/infrastructure/mongodb/post.go:250.9,252.3 1 0
github.com/VladislavYak/redditclone/pkg/infrastructure/mongodb/post.go:254.2,255.16 2 0
github.com/VladislavYak/redditclone/pkg/infrastructure/mongodb/post.go:255.16,257.3 1 0
github.com/VladislavYak/redditclone/pkg/infrastructure/mongodb/post.go:258.2,311.33 7 0
github.com/VladislavYak/redditclone/pkg/infrastructure/mongodb/post.go:311.33,313.3 1 0
github.com/VladislavYak/redditclone/pkg/infrastructure/mongodb/post.go:314.2,314.16 1 0
github.com/VladislavYak/redditclone/pkg/infrastructure/mongodb/post.go:314.16,316.3 1 0
github.com/VladislavYak/redditclone/pkg/infrastructure/mongodb/post.go:318.2,318.26 1 0
github.com/VladislavYak/redditclone/pkg/infrastructure/mongodb/post.go:322.91,325.9 3 0
github.com/VladislavYak/redditclone/pkg/infrastructure/mongodb/post.go:325.9,327.3 1 0
github.com/VladislavYak/redditclone/pkg/infrastructure/mongodb/post.go:330.2,331.16 2 0
github.com/VladislavYak/redditclone/pkg/infrastructure/mongodb/post.go:331.16,333.3 1 0
github.com/VladislavYak/redditclone/pkg/infrastructure/mongodb/post.go:334.2,385.33 6 0
github.com/VladislavYak/redditclone/pkg/infrastructure/mongodb/post.go:385.33,387.3 1 0
github.com/VladislavYak/redditclone/pkg/infrastructure/mongodb/post.go:388.2,388.16 1 0
github.com/VladislavYak/redditclone/pkg/infrastructure/mongodb/post.go:388.16,390.3 1 0
github.com/VladislavYak/redditclone/pkg/infrastructure/mongodb/post.go:392.2,394.26 2 0
github.com/VladislavYak/redditclone/pkg/infrastructure/mongodb/post.go:398.89,401.9 3 0
github.com/VladislavYak/redditclone/pkg/infrastructure/mongodb/post.go:401.9,403.3 1 0
github.com/VladislavYak/redditclone/pkg/infrastructure/mongodb/post.go:405.2,406.16 2 0
github.com/VladislavYak/redditclone/pkg/infrastructure/mongodb/post.go:406.16,408.3 1 0
github.com/VladislavYak/redditclone/pkg/infrastructure/mongodb/post.go:409.2,427.33 6 0
github.com/VladislavYak/redditclone/pkg/infrastructure/mongodb/post.go:427.33,429.3 1 0
github.com/VladislavYak/redditclone/pkg/infrastructure/mongodb/post.go:430.2,430.16 1 0
github.com/VladislavYak/redditclone/pkg/infrastructure/mongodb/post.go:430.16,432.3 1 0
github.com/VladislavYak/redditclone/pkg/infrastructure/mongodb/post.go:434.2,436.26 2 0
github.com/VladislavYak/redditclone/pkg/infrastructure/mongodb/post.go:440.94,445.16 3 0
github.com/VladislavYak/redditclone/pkg/infrastructure/mongodb/post.go:445.16,447.3 1 0
github.com/VladislavYak/redditclone/pkg/infrastructure/mongodb/post.go:450.2,452.33 3 0
github.com/VladislavYak/redditclone/pkg/infrastructure/mongodb/post.go:452.33,454.3 1 0
github.com/VladislavYak/redditclone/pkg/infrastructure/mongodb/post.go:455.2,455.16 1 0
github.com/VladislavYak/redditclone/pkg/infrastructure/mongodb/post.go:455.16,457.3 1 0
github.com/VladislavYak/redditclone/pkg/infrastructure/mongodb/post.go:460.2,461.37 2 0
github.com/VladislavYak/redditclone/pkg/infrastructure/mongodb/post.go:461.37,463.3 1 0
github.com/VladislavYak/redditclone/pkg/infrastructure/mongodb/post.go:466.2,469.16 2 0
github.com/VladislavYak/redditclone/pkg/infrastructure/mongodb/post.go:469.16,471.3 1 0
github.com/VladislavYak/redditclone/pkg/infrastructure/mongodb/post.go:474.2,476.26 3 0
github.com/VladislavYak/redditclone/pkg/domain/comment/comment.go:16.57,18.2 1 0
github.com/VladislavYak/redditclone/pkg/domain/comment/comment.go:20.46,23.2 2 0
github.com/VladislavYak/redditclone/pkg/handlers/middleware/authorization.go:16.96,18.54 1 0
github.com/VladislavYak/redditclone/pkg/handlers/middleware/authorization.go:18.54,19.37 1 0
github.com/VladislavYak/redditclone/pkg/handlers/middleware/authorization.go:19.37,21.29 1 0
github.com/VladislavYak/redditclone/pkg/handlers/middleware/authorization.go:21.29,23.5 1 0
github.com/VladislavYak/redditclone/pkg/handlers/middleware/authorization.go:24.4,24.31 1 0
github.com/VladislavYak/redditclone/pkg/handlers/middleware/authorization.go:24.31,26.5 1 0
github.com/VladislavYak/redditclone/pkg/handlers/middleware/authorization.go:27.4,27.69 1 0
github.com/VladislavYak/redditclone/pkg/handlers/middleware/authorization.go:27.69,29.5 1 0
github.com/VladislavYak/redditclone/pkg/handlers/middleware/authorization.go:30.4,30.34 1 0
github.com/VladislavYak/redditclone/pkg/handlers/middleware/authorization.go:30.34,32.5 1 0
github.com/VladislavYak/redditclone/pkg/handlers/middleware/authorization.go:34.4,34.35 1 0
github.com/VladislavYak/redditclone/pkg/handlers/middleware/authorization.go:34.35,35.60 1 0
github.com/VladislavYak/redditclone/pkg/handlers/middleware/authorization.go:35.60,37.6 1 0
github.com/VladislavYak/redditclone/pkg/handlers/middleware/authorization.go:39.4,39.121 1 0
github.com/VladislavYak/redditclone/pkg/handlers/middleware/authorization.go:39.121,41.5 1 0
github.com/VladislavYak/redditclone/pkg/handlers/middleware/authorization.go:53.4,61.20 5 0
github.com/VladislavYak/redditclone/pkg/handlers/middleware/authorization.go:61.20,64.5 2 0
github.com/VladislavYak/redditclone/pkg/handlers/middleware/authorization.go:68.4,70.41 2 0
github.com/VladislavYak/redditclone/pkg/handlers/middleware/authorization.go:70.41,74.23 4 0
github.com/VladislavYak/redditclone/pkg/handlers/middleware/authorization.go:74.23,76.14 1 0
github.com/VladislavYak/redditclone/pkg/handlers/middleware/authorization.go:78.5,78.39 1 0
github.com/VladislavYak/redditclone/pkg/handlers/middleware/authorization.go:78.39,81.70 2 0
github.com/VladislavYak/redditclone/pkg/handlers/middleware/authorization.go:81.70,87.7 1 0
github.com/VladislavYak/redditclone/pkg/handlers/middleware/authorization.go:91.6,96.36 5 0
github.com/VladislavYak/redditclone/pkg/handlers/middleware/authorization.go:96.36,98.7 1 0
github.com/VladislavYak/redditclone/pkg/handlers/middleware/authorization.go:100.6,102.20 3 0
github.com/VladislavYak/redditclone/pkg/handlers/middleware/authorization.go:102.20,105.7 1 0
github.com/VladislavYak/redditclone/pkg/handlers/middleware/authorization.go:108.6,109.38 2 0
github.com/VladislavYak/redditclone/pkg/handlers/middleware/authorization.go:109.38,111.7 1 0
github.com/VladislavYak/redditclone/pkg/handlers/middleware/authorization.go:112.6,112.20 1 0
github.com/VladislavYak/redditclone/pkg/handlers/middleware/authorization.go:116.4,116.14 1 0
github.com/VladislavYak/redditclone/pkg/infrastructure/ram/comment.go:21.36,23.2 1 0
github.com/VladislavYak/redditclone/pkg/infrastructure/ram/comment.go:25.78,30.31 3 0
github.com/VladislavYak/redditclone/pkg/infrastructure/ram/comment.go:30.31,31.20 1 0
github.com/VladislavYak/redditclone/pkg/infrastructure/ram/comment.go:31.20,36.4 3 0
github.com/VladislavYak/redditclone/pkg/infrastructure/ram/comment.go:39.2,39.37 1 0
github.com/VladislavYak/redditclone/pkg/infrastructure/ram/comment.go:42.73,46.31 3 0
github.com/VladislavYak/redditclone/pkg/infrastructure/ram/comment.go:46.31,47.20 1 0
github.com/VladislavYak/redditclone/pkg/infrastructure/ram/comment.go:47.20,49.42 1 0
github.com/VladislavYak/redditclone/pkg/infrastructure/ram/comment.go:49.42,50.32 1 0
github.com/VladislavYak/redditclone/pkg/infrastructure/ram/comment.go:50.32,54.6 3 0
github.com/VladislavYak/redditclone/pkg/infrastructure/ram/comment.go:61.2,61.44 1 0
github.com/VladislavYak/redditclone/pkg/infrastructure/ram/post.go:22.30,29.2 1 0
github.com/VladislavYak/redditclone/pkg/infrastructure/ram/post.go:31.76,33.2 1 0
github.com/VladislavYak/redditclone/pkg/infrastructure/ram/post.go:35.108,38.31 2 0
github.com/VladislavYak/redditclone/pkg/infrastructure/ram/post.go:38.31,39.36 1 0
github.com/VladislavYak/redditclone/pkg/infrastructure/ram/post.go:39.36,41.4 1 0
github.com/VladislavYak/redditclone/pkg/infrastructure/ram/post.go:43.2,43.17 1 0
github.com/VladislavYak/redditclone/pkg/infrastructure/ram/post.go:47.85,48.31 1 0
github.com/VladislavYak/redditclone/pkg/infrastructure/ram/post.go:48.31,49.20 1 0
github.com/VladislavYak/redditclone/pkg/infrastructure/ram/post.go:49.20,51.4 1 0
github.com/VladislavYak/redditclone/pkg/infrastructure/ram/post.go:53.2,53.37 1 0
github.com/VladislavYak/redditclone/pkg/infrastructure/ram/post.go:56.100,59.31 2 0
github.com/VladislavYak/redditclone/pkg/infrastructure/ram/post.go:59.31,60.39 1 0
github.com/VladislavYak/redditclone/pkg/infrastructure/ram/post.go:60.39,62.4 1 0
github.com/VladislavYak/redditclone/pkg/infrastructure/ram/post.go:64.2,64.17 1 0
github.com/VladislavYak/redditclone/pkg/infrastructure/ram/post.go:68.75,69.31 1 0
github.com/VladislavYak/redditclone/pkg/infrastructure/ram/post.go:69.31,70.20 1 0
github.com/VladislavYak/redditclone/pkg/infrastructure/ram/post.go:70.20,73.4 2 0
github.com/VladislavYak/redditclone/pkg/infrastructure/ram/post.go:75.2,75.32 1 0
github.com/VladislavYak/redditclone/pkg/infrastructure/ram/post.go:78.87,91.2 7 0
github.com/VladislavYak/redditclone/pkg/infrastructure/ram/post.go:93.84,94.32 1 0
github.com/VladislavYak/redditclone/pkg/infrastructure/ram/post.go:94.32,95.21 1 0
github.com/VladislavYak/redditclone/pkg/infrastructure/ram/post.go:95.21,97.4 1 0
github.com/VladislavYak/redditclone/pkg/infrastructure/ram/post.go:98.3,98.20 1 0
github.com/VladislavYak/redditclone/pkg/infrastructure/ram/post.go:101.2,101.49 1 0
github.com/VladislavYak/redditclone/pkg/infrastructure/ram/post.go:106.84,111.9 4 0
github.com/VladislavYak/redditclone/pkg/infrastructure/ram/post.go:111.9,113.3 1 0
github.com/VladislavYak/redditclone/pkg/infrastructure/ram/post.go:115.2,115.31 1 0
github.com/VladislavYak/redditclone/pkg/infrastructure/ram/post.go:115.31,116.24 1 0
github.com/VladislavYak/redditclone/pkg/infrastructure/ram/post.go:116.24,117.40 1 0
github.com/VladislavYak/redditclone/pkg/infrastructure/ram/post.go:117.40,118.32 1 0
github.com/VladislavYak/redditclone/pkg/infrastructure/ram/post.go:118.32,125.6 3 0
github.com/VladislavYak/redditclone/pkg/infrastructure/ram/post.go:128.4,133.26 3 0
github.com/VladislavYak/redditclone/pkg/infrastructure/ram/post.go:137.2,137.53 1 0
github.com/VladislavYak/redditclone/pkg/infrastructure/ram/post.go:140.82,145.9 4 0
github.com/VladislavYak/redditclone/pkg/infrastructure/ram/post.go:145.9,147.3 1 0
github.com/VladislavYak/redditclone/pkg/infrastructure/ram/post.go:149.2,149.31 1 0
github.com/VladislavYak/redditclone/pkg/infrastructure/ram/post.go:149.31,150.20 1 0
github.com/VladislavYak/redditclone/pkg/infrastructure/ram/post.go:150.20,151.40 1 0
github.com/VladislavYak/redditclone/pkg/infrastructure/ram/post.go:151.40,152.32 1 0
github.com/VladislavYak/redditclone/pkg/infrastructure/ram/post.go:152.32,157.6 3 0
github.com/VladislavYak/redditclone/pkg/infrastructure/ram/post.go:160.4,165.26 3 0
github.com/VladislavYak/redditclone/pkg/infrastructure/ram/post.go:169.2,169.49 1 0
github.com/VladislavYak/redditclone/pkg/infrastructure/ram/post.go:172.80,177.9 4 0
github.com/VladislavYak/redditclone/pkg/infrastructure/ram/post.go:177.9,179.3 1 0
github.com/VladislavYak/redditclone/pkg/infrastructure/ram/post.go:181.2,181.31 1 0
github.com/VladislavYak/redditclone/pkg/infrastructure/ram/post.go:181.31,182.20 1 0
github.com/VladislavYak/redditclone/pkg/infrastructure/ram/post.go:182.20,183.40 1 0
github.com/VladislavYak/redditclone/pkg/infrastructure/ram/post.go:183.40,184.32 1 0
github.com/VladislavYak/redditclone/pkg/infrastructure/ram/post.go:184.32,189.6 3 0
github.com/VladislavYak/redditclone/pkg/infrastructure/ram/post.go:192.4,192.65 1 0
github.com/VladislavYak/redditclone/pkg/infrastructure/ram/post.go:196.2,196.49 1 0
github.com/VladislavYak/redditclone/pkg/infrastructure/ram/post.go:199.85,201.2 1 0
github.com/VladislavYak/redditclone/pkg/infrastructure/ram/user.go:22.30,28.2 1 0
github.com/VladislavYak/redditclone/pkg/infrastructure/ram/user.go:30.103,35.27 4 0
github.com/VladislavYak/redditclone/pkg/infrastructure/ram/user.go:35.27,37.3 1 0
github.com/VladislavYak/redditclone/pkg/infrastructure/ram/user.go:39.2,48.18 6 0
github.com/VladislavYak/redditclone/pkg/infrastructure/ram/user.go:52.56,56.37 3 0
github.com/VladislavYak/redditclone/pkg/infrastructure/ram/user.go:56.37,57.41 1 0
github.com/VladislavYak/redditclone/pkg/infrastructure/ram/user.go:57.41,59.4 1 0
github.com/VladislavYak/redditclone/pkg/infrastructure/ram/user.go:61.2,61.14 1 0
github.com/VladislavYak/redditclone/pkg/infrastructure/ram/user.go:64.87,68.37 4 0
github.com/VladislavYak/redditclone/pkg/infrastructure/ram/user.go:68.37,71.41 3 0
github.com/VladislavYak/redditclone/pkg/infrastructure/ram/user.go:71.41,73.4 1 0
github.com/VladislavYak/redditclone/pkg/infrastructure/ram/user.go:76.2,78.42 2 0
github.com/VladislavYak/redditclone/pkg/infrastructure/ram/user.go:81.91,83.2 1 0
github.com/VladislavYak/redditclone/pkg/infrastructure/ram/user.go:85.88,87.2 1 0
github.com/VladislavYak/redditclone/pkg/infrastructure/ram/user.go:89.94,91.2 1 0
github.com/VladislavYak/redditclone/mocks/auth_repository_mock.go:33.73,37.2 3 1
github.com/VladislavYak/redditclone/mocks/auth_repository_mock.go:40.71,42.2 1 1
github.com/VladislavYak/redditclone/mocks/auth_repository_mock.go:45.117,50.2 4 1
github.com/VladislavYak/redditclone/mocks/auth_repository_mock.go:53.108,56.2 2 1
github.com/VladislavYak/redditclone/mocks/auth_repository_mock.go:59.104,64.2 4 0
github.com/VladislavYak/redditclone/mocks/auth_repository_mock.go:67.95,70.2 2 0
github.com/VladislavYak/redditclone/mocks/comment_repository_mock.go:32.79,36.2 3 0
github.com/VladislavYak/redditclone/mocks/comment_repository_mock.go:39.77,41.2 1 0
github.com/VladislavYak/redditclone/mocks/comment_repository_mock.go:44.86,49.2 4 0
github.com/VladislavYak/redditclone/mocks/comment_repository_mock.go:52.86,55.2 2 0
github.com/VladislavYak/redditclone/mocks/comment_repository_mock.go:58.72,63.2 4 0
github.com/VladislavYak/redditclone/mocks/comment_repository_mock.go:66.89,69.2 2 0
github.com/VladislavYak/redditclone/mocks/post_repository_mock.go:33.73,37.2 3 1
github.com/VladislavYak/redditclone/mocks/post_repository_mock.go:40.71,42.2 1 1
github.com/VladislavYak/redditclone/mocks/post_repository_mock.go:45.96,51.2 5 1
github.com/VladislavYak/redditclone/mocks/post_repository_mock.go:54.79,57.2 2 1
github.com/VladislavYak/redditclone/mocks/post_repository_mock.go:60.93,66.2 5 0
github.com/VladislavYak/redditclone/mocks/post_repository_mock.go:69.80,72.2 2 0
github.com/VladislavYak/redditclone/mocks/post_repository_mock.go:75.91,81.2 5 0
github.com/VladislavYak/redditclone/mocks/post_repository_mock.go:84.78,87.2 2 0
github.com/VladislavYak/redditclone/mocks/post_repository_mock.go:90.85,96.2 5 0
github.com/VladislavYak/redditclone/mocks/post_repository_mock.go:99.77,102.2 2 0
github.com/VladislavYak/redditclone/mocks/post_repository_mock.go:105.94,111.2 5 0
github.com/VladislavYak/redditclone/mocks/post_repository_mock.go:114.81,117.2 2 0
github.com/VladislavYak/redditclone/mocks/post_repository_mock.go:120.117,126.2 5 0
github.com/VladislavYak/redditclone/mocks/post_repository_mock.go:129.102,132.2 2 0
github.com/VladislavYak/redditclone/mocks/post_repository_mock.go:135.109,141.2 5 0
github.com/VladislavYak/redditclone/mocks/post_repository_mock.go:144.94,147.2 2 0
github.com/VladislavYak/redditclone/mocks/post_repository_mock.go:150.89,156.2 5 0
github.com/VladislavYak/redditclone/mocks/post_repository_mock.go:159.76,162.2 2 0
github.com/VladislavYak/redditclone/mocks/post_repository_mock.go:165.93,171.2 5 1
github.com/VladislavYak/redditclone/mocks/post_repository_mock.go:174.80,177.2 2 1
github.com/VladislavYak/redditclone/mocks/post_repository_mock.go:180.93,186.2 5 1
github.com/VladislavYak/redditclone/mocks/post_repository_mock.go:189.80,192.2 2 1
github.com/VladislavYak/redditclone/mocks/user_repository_mock.go:33.73,37.2 3 1
github.com/VladislavYak/redditclone/mocks/user_repository_mock.go:40.71,42.2 1 1
github.com/VladislavYak/redditclone/mocks/user_repository_mock.go:45.112,51.2 5 1
github.com/VladislavYak/redditclone/mocks/user_repository_mock.go:54.88,57.2 2 1
github.com/VladislavYak/redditclone/mocks/user_repository_mock.go:60.96,66.2 5 1
github.com/VladislavYak/redditclone/mocks/user_repository_mock.go:69.79,72.2 2 1
github.com/VladislavYak/redditclone/mocks/user_repository_mock.go:75.100,81.2 5 1
github.com/VladislavYak/redditclone/mocks/user_repository_mock.go:84.87,87.2 2 1
github.com/VladislavYak/redditclone/pkg/application/auth.go:19.54,22.2 1 0
github.com/VladislavYak/redditclone/pkg/application/auth.go:25.99,29.16 3 0
github.com/VladislavYak/redditclone/pkg/application/auth.go:29.16,31.3 1 0
github.com/VladislavYak/redditclone/pkg/application/auth.go:33.2,33.12 1 0
github.com/VladislavYak/redditclone/pkg/application/comment.go:24.96,26.2 1 0
github.com/VladislavYak/redditclone/pkg/application/comment.go:28.112,31.16 3 0
github.com/VladislavYak/redditclone/pkg/application/comment.go:31.16,33.3 1 0
github.com/VladislavYak/redditclone/pkg/application/comment.go:35.2,36.16 2 0
github.com/VladislavYak/redditclone/pkg/application/comment.go:36.16,38.3 1 0
github.com/VladislavYak/redditclone/pkg/application/comment.go:40.2,40.26 1 0
github.com/VladislavYak/redditclone/pkg/application/comment.go:43.111,47.16 3 0
github.com/VladislavYak/redditclone/pkg/application/comment.go:47.16,49.3 1 0
github.com/VladislavYak/redditclone/pkg/application/comment.go:51.2,52.16 2 0
github.com/VladislavYak/redditclone/pkg/application/comment.go:52.16,54.3 1 0
github.com/VladislavYak/redditclone/pkg/application/comment.go:56.2,56.26 1 0
github.com/VladislavYak/redditclone/pkg/application/post.go:30.55,32.2 1 0
github.com/VladislavYak/redditclone/pkg/application/post.go:37.87,42.16 3 1
github.com/VladislavYak/redditclone/pkg/application/post.go:42.16,44.3 1 1
github.com/VladislavYak/redditclone/pkg/application/post.go:46.2,47.16 2 1
github.com/VladislavYak/redditclone/pkg/application/post.go:47.16,49.3 1 1
github.com/VladislavYak/redditclone/pkg/application/post.go:51.2,52.16 2 1
github.com/VladislavYak/redditclone/pkg/application/post.go:52.16,54.3 1 1
github.com/VladislavYak/redditclone/pkg/application/post.go:56.2,56.26 1 1
github.com/VladislavYak/redditclone/pkg/application/post.go:61.79,65.16 3 0
github.com/VladislavYak/redditclone/pkg/application/post.go:65.16,67.3 1 0
github.com/VladislavYak/redditclone/pkg/application/post.go:69.2,71.26 2 0
github.com/VladislavYak/redditclone/pkg/application/post.go:76.71,80.16 3 0
github.com/VladislavYak/redditclone/pkg/application/post.go:80.16,82.3 1 0
github.com/VladislavYak/redditclone/pkg/application/post.go:84.2,84.26 1 0
github.com/VladislavYak/redditclone/pkg/application/post.go:88.80,92.16 3 0
github.com/VladislavYak/redditclone/pkg/application/post.go:92.16,94.3 1 0
github.com/VladislavYak/redditclone/pkg/application/post.go:96.2,96.26 1 0
github.com/VladislavYak/redditclone/pkg/application/post.go:101.97,105.16 3 0
github.com/VladislavYak/redditclone/pkg/application/post.go:105.16,107.3 1 0
github.com/VladislavYak/redditclone/pkg/application/post.go:109.2,109.26 1 0
github.com/VladislavYak/redditclone/pkg/application/post.go:113.88,117.16 3 0
github.com/VladislavYak/redditclone/pkg/application/post.go:117.16,119.3 1 0
github.com/VladislavYak/redditclone/pkg/application/post.go:121.2,121.26 1 0
github.com/VladislavYak/redditclone/pkg/application/post.go:125.84,130.16 3 0
github.com/VladislavYak/redditclone/pkg/application/post.go:130.16,132.3 1 0
github.com/VladislavYak/redditclone/pkg/application/post.go:134.2,136.16 2 0
github.com/VladislavYak/redditclone/pkg/application/post.go:136.16,138.3 1 0
github.com/VladislavYak/redditclone/pkg/application/post.go:140.2,140.26 1 0
github.com/VladislavYak/redditclone/pkg/application/post.go:144.86,148.16 3 0
github.com/VladislavYak/redditclone/pkg/application/post.go:148.16,150.3 1 0
github.com/VladislavYak/redditclone/pkg/application/post.go:152.2,154.16 2 0
github.com/VladislavYak/redditclone/pkg/application/post.go:154.16,156.3 1 0
github.com/VladislavYak/redditclone/pkg/application/post.go:158.2,158.26 1 0
github.com/VladislavYak/redditclone/pkg/application/post.go:162.84,165.16 3 0
github.com/VladislavYak/redditclone/pkg/application/post.go:165.16,167.3 1 0
github.com/VladislavYak/redditclone/pkg/application/post.go:169.2,171.16 2 0
github.com/VladislavYak/redditclone/pkg/application/post.go:171.16,173.3 1 0
github.com/VladislavYak/redditclone/pkg/application/post.go:175.2,175.26 1 0
github.com/VladislavYak/redditclone/pkg/application/user.go:38.102,41.2 1 0
github.com/VladislavYak/redditclone/pkg/application/user.go:43.91,48.79 3 1
github.com/VladislavYak/redditclone/pkg/application/user.go:48.79,50.3 1 1
github.com/VladislavYak/redditclone/pkg/application/user.go:52.2,53.16 2 1
github.com/VladislavYak/redditclone/pkg/application/user.go:53.16,55.3 1 1
github.com/VladislavYak/redditclone/pkg/application/user.go:57.2,71.16 5 1
github.com/VladislavYak/redditclone/pkg/application/user.go:71.16,73.3 1 0
github.com/VladislavYak/redditclone/pkg/application/user.go:75.2,75.108 1 1
github.com/VladislavYak/redditclone/pkg/application/user.go:75.108,77.3 1 0
github.com/VladislavYak/redditclone/pkg/application/user.go:79.2,79.19 1 1
github.com/VladislavYak/redditclone/pkg/application/user.go:82.88,86.16 3 1
github.com/VladislavYak/redditclone/pkg/application/user.go:86.16,88.3 1 1
github.com/VladislavYak/redditclone/pkg/application/user.go:90.2,91.16 2 1
github.com/VladislavYak/redditclone/pkg/application/user.go:91.16,93.3 1 0
github.com/VladislavYak/redditclone/pkg/application/user.go:95.2,95.28 1 1
github.com/VladislavYak/redditclone/pkg/application/user.go:95.28,97.3 1 1
github.com/VladislavYak/redditclone/pkg/application/user.go:99.2,109.16 3 0
github.com/VladislavYak/redditclone/pkg/application/user.go:109.16,111.3 1 0
github.com/VladislavYak/redditclone/pkg/application/user.go:113.2,113.19 1 0
github.com/VladislavYak/redditclone/pkg/domain/auth/token_generator.go:7.79,12.16 3 1
github.com/VladislavYak/redditclone/pkg/domain/auth/token_generator.go:12.16,14.3 1 0
github.com/VladislavYak/redditclone/pkg/domain/auth/token_generator.go:15.2,15.25 1 1
github.com/VladislavYak/redditclone/pkg/domain/comment/comment.go:16.57,18.2 1 0
github.com/VladislavYak/redditclone/pkg/domain/comment/comment.go:20.46,23.2 2 0
github.com/VladislavYak/redditclone/pkg/domain/post/post.go:29.111,43.2 1 1
github.com/VladislavYak/redditclone/pkg/domain/post/post.go:45.40,48.2 2 0
github.com/VladislavYak/redditclone/pkg/domain/post/vote.go:8.42,12.2 2 0
github.com/VladislavYak/redditclone/pkg/domain/user/user.go:9.37,11.2 1 1
github.com/VladislavYak/redditclone/pkg/domain/user/user.go:14.40,17.2 2 1
